[2026-02-20 07:20:22] STEP ml2:train_dh_poscosecha_ml2
script=C:\Users\paul.loja\PYPROYECTOS\Data-LakeHouse\Data-LakeHouse\src\models\ml2\train_dh_poscosecha_ml2.py
cmd=C:\Users\paul.loja\PYPROYECTOS\Data-LakeHouse\Data-LakeHouse\venv\Scripts\python.exe C:\Users\paul.loja\PYPROYECTOS\Data-LakeHouse\Data-LakeHouse\src\models\ml2\train_dh_poscosecha_ml2.py
cwd=C:\Users\paul.loja\PYPROYECTOS\Data-LakeHouse\Data-LakeHouse
PYTHONPATH=C:\Users\paul.loja\PYPROYECTOS\Data-LakeHouse\Data-LakeHouse;C:\Users\paul.loja\PYPROYECTOS\Data-LakeHouse\Data-LakeHouse\src
OPS_ARTIFACTS_DIR=C:\Users\paul.loja\PYPROYECTOS\Data-LakeHouse\Data-LakeHouse\data
OPS_LOG_DIR=C:\Users\paul.loja\PYPROYECTOS\Data-LakeHouse\Data-LakeHouse\src\run_logs\run_20260220_072020
outputs(check):
 - C:\Users\paul.loja\PYPROYECTOS\Data-LakeHouse\Data-LakeHouse\data\models\ml2\dh_poscosecha_ml2_20260205_223043_de738657_meta.json
 - C:\Users\paul.loja\PYPROYECTOS\Data-LakeHouse\Data-LakeHouse\data\models\ml2\dh_poscosecha_ml2_20260205_234610_82b9cfed_meta.json
 - C:\Users\paul.loja\PYPROYECTOS\Data-LakeHouse\Data-LakeHouse\data\models\ml2\dh_poscosecha_ml2_20260220_071730_b1d0a904_meta.json
 - C:\Users\paul.loja\PYPROYECTOS\Data-LakeHouse\Data-LakeHouse\data\models\ml2\dh_poscosecha_ml2_20260205_223043_de738657.pkl
 - C:\Users\paul.loja\PYPROYECTOS\Data-LakeHouse\Data-LakeHouse\data\models\ml2\dh_poscosecha_ml2_20260205_234610_82b9cfed.pkl
 - C:\Users\paul.loja\PYPROYECTOS\Data-LakeHouse\Data-LakeHouse\data\models\ml2\dh_poscosecha_ml2_20260220_071730_b1d0a904.pkl

[DBG] X_train dtypes:
dow            Int64
month          Int64
weekofyear     Int64
destino       string
grado         string
dtype: object
[DBG] cat sample destino=<ArrowStringArray>
['BLANCO', 'TINTURADO', 'ARCOIRIS']
Length: 3, dtype: str
[DBG] cat sample grado=<ArrowStringArray>
['15', '35', '30', '25', '20']
Length: 5, dtype: str
[OK] Model saved: C:\Users\paul.loja\PYPROYECTOS\Data-LakeHouse\Data-LakeHouse\data\models\ml2\dh_poscosecha_ml2_20260220_072028_7382eb1f.pkl
[OK] Meta  saved: C:\Users\paul.loja\PYPROYECTOS\Data-LakeHouse\Data-LakeHouse\data\models\ml2\dh_poscosecha_ml2_20260220_072028_7382eb1f_meta.json
[OK] Eval  saved: C:\Users\paul.loja\PYPROYECTOS\Data-LakeHouse\Data-LakeHouse\data\eval\ml2\ml2_dh_poscosecha_train_val.parquet
     MAE days train=0.4331  val=0.5775
