[2026-02-20 10:27:21] STEP audit:audit_share_grado_ml2
script=C:\Users\paul.loja\PYPROYECTOS\Data-LakeHouse\Data-LakeHouse\src\audit\audit_share_grado_ml2.py
cmd=C:\Users\paul.loja\PYPROYECTOS\Data-LakeHouse\Data-LakeHouse\venv\Scripts\python.exe C:\Users\paul.loja\PYPROYECTOS\Data-LakeHouse\Data-LakeHouse\src\audit\audit_share_grado_ml2.py
cwd=C:\Users\paul.loja\PYPROYECTOS\Data-LakeHouse\Data-LakeHouse
PYTHONPATH=C:\Users\paul.loja\PYPROYECTOS\Data-LakeHouse\Data-LakeHouse;C:\Users\paul.loja\PYPROYECTOS\Data-LakeHouse\Data-LakeHouse\src
OPS_ARTIFACTS_DIR=C:\Users\paul.loja\PYPROYECTOS\Data-LakeHouse\Data-LakeHouse\data
OPS_LOG_DIR=C:\Users\paul.loja\PYPROYECTOS\Data-LakeHouse\Data-LakeHouse\src\run_logs\run_20260220_102322
outputs: (none) => no-skip mode


=== ML2 SHARE GRADO AUDIT ===
KPI global parquet : C:\Users\paul.loja\PYPROYECTOS\Data-LakeHouse\Data-LakeHouse\data\eval\ml2\audit_share_grado_ml2_kpi_global_20260220_102722.parquet
KPI por estado     : C:\Users\paul.loja\PYPROYECTOS\Data-LakeHouse\Data-LakeHouse\data\eval\ml2\audit_share_grado_ml2_kpi_by_estado_20260220_102722.parquet
Ratio dist parquet : C:\Users\paul.loja\PYPROYECTOS\Data-LakeHouse\Data-LakeHouse\data\eval\ml2\audit_share_grado_ml2_ratio_dist_20260220_102722.parquet
Sanity parquet     : C:\Users\paul.loja\PYPROYECTOS\Data-LakeHouse\Data-LakeHouse\data\eval\ml2\audit_share_grado_ml2_sanity_20260220_102722.parquet
Examples 10x2      : C:\Users\paul.loja\PYPROYECTOS\Data-LakeHouse\Data-LakeHouse\data\eval\ml2\audit_share_grado_ml2_examples_10x2_20260220_102722.parquet

--- KPI GLOBAL ---
 n_rows  n_cycles  mae_share_ml1  mae_share_ml2  wape_share_ml1_wt_day  wape_share_ml2_wt_day  mae_abs_tallos_ml1  mae_abs_tallos_ml2  improvement_abs_mae_share  improvement_abs_mae_abs_tallos created_at
  29046       550       0.348666        0.33967                0.27848                0.26807         2078.186686         2010.582039                   0.008995                       67.604646 2026-02-20

--- KPI POR ESTADO ---
estado  n_rows  n_cycles  mae_share_ml1  mae_share_ml2  wape_share_ml1_wt_day  wape_share_ml2_wt_day  mae_abs_tallos_ml1  mae_abs_tallos_ml2  improvement_abs_mae_share
    NA   29046       550       0.348666        0.33967                0.27848                0.26807         2078.186686         2010.582039                   0.008995

--- RATIO DIST ---
    n  ratio_min  ratio_p05  ratio_p25  ratio_median  ratio_p75  ratio_p95  ratio_max created_at
29046   0.488304   0.712107   0.916726      1.031695   1.153151   1.355908   1.914127 2026-02-20

--- SANITY ---
 n_days  sum_share_min  sum_share_p25  sum_share_median  sum_share_p75  sum_share_max  pct_close_1pm_1e-6 created_at
  23877            1.0            1.0               1.0            1.0            1.0                 1.0 2026-02-20

--- EXAMPLES 10x2 ---
                                ciclo_id estado  abs_err_tallos_ml1  abs_err_tallos_ml2  n_rows  improvement_abs_tallos   sample_group bloque_base variedad_canon
1ae8e0073fc67df9fa0f02d39726e9dab4a5ae47     NA       132965.829353       105019.075653      69            27946.753701 TOP_IMPROVE_10         332             XL
f3f529e28f56dde1a4c1eac161606e07c8f06402     NA       130849.748589       105912.276970      58            24937.471619 TOP_IMPROVE_10         304            CLO
0fcbeb34350e7c52210b1776bc7a7b4642afc4dc     NA       132368.648209       108177.492876      71            24191.155333 TOP_IMPROVE_10         332             XL
18f29c179d732d7c9a644b4e98c2f31e645e05d5     NA       157227.701528       133167.216285      49            24060.485244 TOP_IMPROVE_10          12             XL
e013af46330d042aa14927a3eed08ffadada81b5     NA       141821.478988       119386.649571      62            22434.829416 TOP_IMPROVE_10         304            CLO
0b124cc3cdbdcebfe5cd88dd7c9720ff546a290f     NA       141885.916239       121632.459003      77            20253.457235 TOP_IMPROVE_10          66             XL
d753db934d0dbda882ba5aaca389724a6b5c1351     NA       107494.377748        87364.882745      90            20129.495003 TOP_IMPROVE_10         314            CLO
d3707e4d2b44554c6d55a76b7e8525aa011e2fe3     NA       105680.892675        85652.842204      91            20028.050471 TOP_IMPROVE_10         314            CLO
6f87be8fcc5a12533ccc5006a460ff7f2c9b2915     NA       139061.212083       119301.021002      67            19760.191081 TOP_IMPROVE_10          66             XL
20c54369dfb06eae586fa0d57ea1ec7e8193ed84     NA       108854.817653        89198.649202      91            19656.168451 TOP_IMPROVE_10         304            CLO
bac311a96199a98a114502c3b4d3d35cbd339e27     NA       107448.748299       107580.932177      59             -132.183877   TOP_WORSE_10         107             XL
e9dc232cbaa75b751b2ee5c5dd6f27e0f8ccc5f0     NA       144724.602931       144916.071820      50             -191.468890   TOP_WORSE_10         103             XL
b21147f83917e6b797a4ad037adf3e20457f8a6b     NA         3886.548443         4380.740271       9             -494.191828   TOP_WORSE_10         306             XL
9efc2b2b2ccddbd9990c13d19c9a4506e59828d9     NA        62083.184624        62606.418243      56             -523.233619   TOP_WORSE_10         325            CLO
870ae8888bbef4a2fecde39dc4994e47f6e7eb91     NA        98602.779761        99250.309320      66             -647.529560   TOP_WORSE_10          14            CLO
c9e28d4ee979687692eee596fd532f716f7445df     NA        12788.937302        13666.130483      23             -877.193181   TOP_WORSE_10         324            CLO
4bf2a704e33d1f004b32bec7e2b85cd56e3a77da     NA        94886.921413        95951.691976      66            -1064.770563   TOP_WORSE_10         101             XL
b8ec953671ebe371be80f7a8a14c56cb09906b82     NA       120920.061063       123055.029042      71            -2134.967979   TOP_WORSE_10         331             XL
c25a2fadde7e425d6304beb49ac87d8037419c4c     NA         5873.669303         8620.632334      12            -2746.963031   TOP_WORSE_10          14             XL
9a457c865d4e29eecde43516fd492c7d3cf098d8     NA       114160.550870       117256.067844      71            -3095.516974   TOP_WORSE_10         301             XL
