[2026-02-20 10:27:25] STEP audit:audit_poscosecha_ml2_baseline
script=C:\Users\paul.loja\PYPROYECTOS\Data-LakeHouse\Data-LakeHouse\src\audit\audit_poscosecha_ml2_baseline.py
cmd=C:\Users\paul.loja\PYPROYECTOS\Data-LakeHouse\Data-LakeHouse\venv\Scripts\python.exe C:\Users\paul.loja\PYPROYECTOS\Data-LakeHouse\Data-LakeHouse\src\audit\audit_poscosecha_ml2_baseline.py
cwd=C:\Users\paul.loja\PYPROYECTOS\Data-LakeHouse\Data-LakeHouse
PYTHONPATH=C:\Users\paul.loja\PYPROYECTOS\Data-LakeHouse\Data-LakeHouse;C:\Users\paul.loja\PYPROYECTOS\Data-LakeHouse\Data-LakeHouse\src
OPS_ARTIFACTS_DIR=C:\Users\paul.loja\PYPROYECTOS\Data-LakeHouse\Data-LakeHouse\data
OPS_LOG_DIR=C:\Users\paul.loja\PYPROYECTOS\Data-LakeHouse\Data-LakeHouse\src\run_logs\run_20260220_102322
outputs: (none) => no-skip mode


=== POSCOSECHA ML2 BASELINE AUDIT ===
KPI global parquet : C:\Users\paul.loja\PYPROYECTOS\Data-LakeHouse\Data-LakeHouse\data\eval\ml2\audit_poscosecha_baseline_kpi_global_20260220_102726.parquet
KPI por destino    : C:\Users\paul.loja\PYPROYECTOS\Data-LakeHouse\Data-LakeHouse\data\eval\ml2\audit_poscosecha_baseline_kpi_by_destino_20260220_102726.parquet
KPI por grado      : C:\Users\paul.loja\PYPROYECTOS\Data-LakeHouse\Data-LakeHouse\data\eval\ml2\audit_poscosecha_baseline_kpi_by_grado_20260220_102726.parquet
Coverage parquet   : C:\Users\paul.loja\PYPROYECTOS\Data-LakeHouse\Data-LakeHouse\data\eval\ml2\audit_poscosecha_baseline_coverage_20260220_102726.parquet
Examples 10x2      : C:\Users\paul.loja\PYPROYECTOS\Data-LakeHouse\Data-LakeHouse\data\eval\ml2\audit_poscosecha_baseline_examples_10x2_20260220_102726.parquet

--- KPI GLOBAL ---
 n_rows_pred  n_rows_with_real_hd as_of_date created_at dh_col_used fecha_post_pred_col_used   hidr_col_used   desp_col_used ajuste_col_used  n_dh  mae_dh_days  bias_dh_days  wape_abs_dh_days_wt_tallos  n_hidr  mae_log_ratio_hidr  median_ratio_hidr  p05_ratio_hidr  p95_ratio_hidr  n_desp  mae_log_ratio_desp  median_ratio_desp  n_ajuste  mae_log_ratio_ajuste  median_ratio_ajuste
      757707                98976 2026-02-19 2026-02-20 dh_dias_ml1      fecha_post_pred_ml1 factor_hidr_ml1 factor_desp_ml1      ajuste_ml1 98976     0.498085     -0.046249                    0.000089   98976              0.0638           1.003809        0.886072        1.175646  208953            0.062555           1.003782    208953              0.093422             1.000009

--- COVERAGE ---
as_of_date  rows_pred  rows_join_real_hd  coverage_real_hd  rows_join_real_ma  coverage_real_ma created_at
2026-02-19     757707              98976          0.130626             208953           0.27577 2026-02-20

--- KPI DESTINO (head) ---
 n_rows_pred  n_rows_with_real_hd as_of_date created_at dh_col_used fecha_post_pred_col_used   hidr_col_used   desp_col_used ajuste_col_used  n_dh  mae_dh_days  bias_dh_days  wape_abs_dh_days_wt_tallos  n_hidr  mae_log_ratio_hidr  median_ratio_hidr  p05_ratio_hidr  p95_ratio_hidr  n_desp  mae_log_ratio_desp  median_ratio_desp  n_ajuste  mae_log_ratio_ajuste  median_ratio_ajuste   destino
      252652                11345 2026-02-19 2026-02-20 dh_dias_ml1      fecha_post_pred_ml1 factor_hidr_ml1 factor_desp_ml1      ajuste_ml1 11345     0.505333     -0.141560                    0.000086   11345            0.042996           0.995214        0.909094        1.087763   62067            0.057447           1.003757     62067              0.121006             1.001691  ARCOIRIS
      252652                18349 2026-02-19 2026-02-20 dh_dias_ml1      fecha_post_pred_ml1 factor_hidr_ml1 factor_desp_ml1      ajuste_ml1 18349     0.436100     -0.071830                    0.000116   18349            0.047841           0.995675        0.905778        1.101432   76879            0.086981           1.003220     76879              0.101996             0.994107 TINTURADO
      252403                69282 2026-02-19 2026-02-20 dh_dias_ml1      fecha_post_pred_ml1 factor_hidr_ml1 factor_desp_ml1      ajuste_ml1 69282     0.513315     -0.023866                    0.000085   69282            0.071433           1.008635        0.874857        1.225158   70007            0.040260           1.005228     70007              0.059550             1.005711    BLANCO

--- KPI GRADO (head) ---
 n_rows_pred  n_rows_with_real_hd as_of_date created_at dh_col_used fecha_post_pred_col_used   hidr_col_used   desp_col_used ajuste_col_used  n_dh  mae_dh_days  bias_dh_days  wape_abs_dh_days_wt_tallos  n_hidr  mae_log_ratio_hidr  median_ratio_hidr  p05_ratio_hidr  p95_ratio_hidr  n_desp  mae_log_ratio_desp  median_ratio_desp  n_ajuste  mae_log_ratio_ajuste  median_ratio_ajuste  grado
       61317                 6732 2026-02-19 2026-02-20 dh_dias_ml1      fecha_post_pred_ml1 factor_hidr_ml1 factor_desp_ml1      ajuste_ml1  6732     0.607620     -0.172831                    0.000168    6732            0.090793           1.034664        0.893581        1.389135   16722            0.065195           1.003114     16722              0.095771             1.000475     25
       61317                10908 2026-02-19 2026-02-20 dh_dias_ml1      fecha_post_pred_ml1 factor_hidr_ml1 factor_desp_ml1      ajuste_ml1 10908     0.491612     -0.065044                    0.000071   10908            0.054355           1.003932        0.903384        1.144065   16183            0.064726           1.003872     16183              0.094440             0.998563     35
       61317                 8562 2026-02-19 2026-02-20 dh_dias_ml1      fecha_post_pred_ml1 factor_hidr_ml1 factor_desp_ml1      ajuste_ml1  8562     0.508468     -0.126080                    0.000041    8562            0.041354           1.005499        0.929032        1.107249   16397            0.059944           1.004370     16397              0.094832             1.000194     30
       61317                12987 2026-02-19 2026-02-20 dh_dias_ml1      fecha_post_pred_ml1 factor_hidr_ml1 factor_desp_ml1      ajuste_ml1 12987     0.463463     -0.016555                    0.000056   12987            0.054172           1.001193        0.899565        1.139713   15842            0.061875           1.003757     15842              0.093201             1.000867     45
       61317                12206 2026-02-19 2026-02-20 dh_dias_ml1      fecha_post_pred_ml1 factor_hidr_ml1 factor_desp_ml1      ajuste_ml1 12206     0.517819     -0.098763                    0.000090   12206            0.062357           1.011151        0.909808        1.207755   16644            0.061762           1.004438     16644              0.092879             1.000316     40
       61317                 9898 2026-02-19 2026-02-20 dh_dias_ml1      fecha_post_pred_ml1 factor_hidr_ml1 factor_desp_ml1      ajuste_ml1  9898     0.470752      0.011164                    0.000093    9898            0.050775           0.991710        0.897456        1.111689   16054            0.063385           1.003617     16054              0.095597             1.000900     50
       61317                 7550 2026-02-19 2026-02-20 dh_dias_ml1      fecha_post_pred_ml1 factor_hidr_ml1 factor_desp_ml1      ajuste_ml1  7550     0.420662      0.003046                    0.000080    7550            0.050888           0.997994        0.885869        1.093922   16465            0.061256           1.004220     16465              0.094208             0.999352     55
       54748                 5518 2026-02-19 2026-02-20 dh_dias_ml1      fecha_post_pred_ml1 factor_hidr_ml1 factor_desp_ml1      ajuste_ml1  5518     0.702428     -0.159478                    0.000593    5518            0.137557           1.043705        0.823388        1.534070   15860            0.064540           1.003220     15860              0.095117             1.000538     20
       54748                 1204 2026-02-19 2026-02-20 dh_dias_ml1      fecha_post_pred_ml1 factor_hidr_ml1 factor_desp_ml1      ajuste_ml1  1204     0.770764     -0.034884                    0.002894    1204            0.172296           1.106552        0.862469        1.596821   16768            0.058974           1.003872     16768              0.091465             1.000219     15
       54748                 6362 2026-02-19 2026-02-20 dh_dias_ml1      fecha_post_pred_ml1 factor_hidr_ml1 factor_desp_ml1      ajuste_ml1  6362     0.440506      0.031987                    0.000103    6362            0.053304           1.004929        0.896414        1.126742   14916            0.065555           1.004836     14916              0.091883             0.999084     60

--- EXAMPLES (10x2) ---
     fecha  grado   destino    tallos     score         wscore  abs_err_dh  log_ratio_hidr  log_ratio_desp  log_ratio_aj fecha_post_real fecha_post_key sample_group
2024-03-17     15  ARCOIRIS       0.0       0.0            0.0        <NA>             NaN             NaN           NaN             NaT     2024-03-23  TOP_BEST_10
2024-03-17     15    BLANCO       0.0       0.0            0.0        <NA>             NaN             NaN           NaN             NaT     2024-03-24  TOP_BEST_10
2024-03-17     15 TINTURADO       0.0       0.0            0.0        <NA>             NaN             NaN           NaN             NaT     2024-03-23  TOP_BEST_10
2024-03-17     20  ARCOIRIS       0.0       0.0            0.0        <NA>             NaN             NaN           NaN             NaT     2024-03-23  TOP_BEST_10
2024-03-17     20    BLANCO       0.0       0.0            0.0        <NA>             NaN             NaN           NaN             NaT     2024-03-24  TOP_BEST_10
2024-03-17     20 TINTURADO       0.0       0.0            0.0        <NA>             NaN             NaN           NaN             NaT     2024-03-23  TOP_BEST_10
2024-03-17     25  ARCOIRIS       0.0       0.0            0.0        <NA>             NaN             NaN           NaN             NaT     2024-03-23  TOP_BEST_10
2024-03-17     25    BLANCO       0.0       0.0            0.0        <NA>             NaN             NaN           NaN             NaT     2024-03-24  TOP_BEST_10
2024-03-17     25 TINTURADO       0.0       0.0            0.0        <NA>             NaN             NaN           NaN             NaT     2024-03-23  TOP_BEST_10
2024-03-17     30  ARCOIRIS       0.0       0.0            0.0        <NA>             NaN             NaN           NaN             NaT     2024-03-23  TOP_BEST_10
2026-01-29     30    BLANCO  399840.0   1.55018  619823.844063         0.0        0.027751       -1.512756     -0.009673      2026-02-05     2026-02-05 TOP_WORST_10
2025-08-14     45    BLANCO  802900.0  0.609723  489546.262048         1.0       -0.017981        0.021366      0.427519      2025-08-22     2025-08-22 TOP_WORST_10
2025-05-23     75  ARCOIRIS  529200.0  0.696444  368558.043122         1.0        0.014241        0.027463      0.511882      2025-05-31     2025-05-31 TOP_WORST_10
2025-05-28     55  ARCOIRIS  812000.0  0.404092   328122.72716         1.0        0.010291       -0.038084      0.212861      2025-06-05     2025-06-05 TOP_WORST_10
2025-08-15     45  ARCOIRIS  619520.0  0.518053  320943.953695         1.0       -0.050852        0.061215      0.263129      2025-08-22     2025-08-22 TOP_WORST_10
2025-08-27     45  ARCOIRIS  944640.0  0.333601   315132.38263         1.0        0.034586        0.016764      0.139393      2025-09-04     2025-09-04 TOP_WORST_10
2025-08-25     45    BLANCO 1307960.0  0.240151  314107.254939         0.0        0.012417        0.026680      0.201053      2025-09-02     2025-09-02 TOP_WORST_10
2025-09-05     45    BLANCO 1516240.0  0.192767  292281.278408         1.0        0.021200       -0.010558      0.018152      2025-09-12     2025-09-12 TOP_WORST_10
2025-12-12     30    BLANCO 1316800.0  0.204618  269440.353921         1.0       -0.009647        0.047278     -0.004836      2025-12-18     2025-12-18 TOP_WORST_10
2025-05-23     60 TINTURADO  709920.0  0.373477  265138.730058         0.0       -0.008667        0.041530      0.323280      2025-05-30     2025-05-30 TOP_WORST_10
