
==============================================================================================================
[2026-02-05 22:27:22] PASS 01 | RUN: models\ml2\apply_desp_poscosecha_ml2.py
CMD: C:\Data-LakeHouse\venv\Scripts\python.exe C:\Data-LakeHouse\src\models\ml2\apply_desp_poscosecha_ml2.py
CWD: C:\Data-LakeHouse
==============================================================================================================
Traceback (most recent call last):
  File "C:\Data-LakeHouse\src\models\ml2\apply_desp_poscosecha_ml2.py", line 167, in <module>
    main(mode=args.mode, model_file=args.model_file)
    ~~~~^^^^^^^^^^^^^^^^^^^^^^^^^^^^^^^^^^^^^^^^^^^^
  File "C:\Data-LakeHouse\src\models\ml2\apply_desp_poscosecha_ml2.py", line 77, in main
    df = read_parquet(IN_UNIVERSE).copy()
         ~~~~~~~~~~~~^^^^^^^^^^^^^
  File "C:\Data-LakeHouse\src\common\io.py", line 13, in read_parquet
    return pd.read_parquet(path)
           ~~~~~~~~~~~~~~~^^^^^^
  File "C:\Data-LakeHouse\venv\Lib\site-packages\pandas\io\parquet.py", line 669, in read_parquet
    return impl.read(
           ~~~~~~~~~^
        path,
        ^^^^^
    ...<6 lines>...
        **kwargs,
        ^^^^^^^^^
    )
    ^
  File "C:\Data-LakeHouse\venv\Lib\site-packages\pandas\io\parquet.py", line 258, in read
    path_or_handle, handles, filesystem = _get_path_or_handle(
                                          ~~~~~~~~~~~~~~~~~~~^
        path,
        ^^^^^
    ...<2 lines>...
        mode="rb",
        ^^^^^^^^^^
    )
    ^
  File "C:\Data-LakeHouse\venv\Lib\site-packages\pandas\io\parquet.py", line 141, in _get_path_or_handle
    handles = get_handle(
        path_or_handle, mode, is_text=False, storage_options=storage_options
    )
  File "C:\Data-LakeHouse\venv\Lib\site-packages\pandas\io\common.py", line 882, in get_handle
    handle = open(handle, ioargs.mode)
FileNotFoundError: [Errno 2] No such file or directory: 'C:\\Data-LakeHouse\\data\\gold\\pred_poscosecha_ml2_hidr_grado_dia_bloque_destino_final.parquet'

--- RESULT ---
[2026-02-05 22:27:23] EXIT_CODE=1 | SECONDS=0.73
LOG: C:\Data-LakeHouse\src\run_logs\run_20260205_222348\pass01__models__ml2__apply_desp_poscosecha_ml2.py.log
--------------

