
==============================================================================================================
[2026-02-05 22:31:31] PASS 05 | RUN: models\ml2\train_ajuste_poscosecha_ml2.py
CMD: C:\Data-LakeHouse\venv\Scripts\python.exe C:\Data-LakeHouse\src\models\ml2\train_ajuste_poscosecha_ml2.py
CWD: C:\Data-LakeHouse
==============================================================================================================
Traceback (most recent call last):
  File "C:\Data-LakeHouse\src\models\ml2\train_ajuste_poscosecha_ml2.py", line 171, in <module>
    main()
    ~~~~^^
  File "C:\Data-LakeHouse\src\models\ml2\train_ajuste_poscosecha_ml2.py", line 59, in main
    df = read_parquet(IN_DS).copy()
         ~~~~~~~~~~~~^^^^^^^
  File "C:\Data-LakeHouse\src\common\io.py", line 13, in read_parquet
    return pd.read_parquet(path)
           ~~~~~~~~~~~~~~~^^^^^^
  File "C:\Data-LakeHouse\venv\Lib\site-packages\pandas\io\parquet.py", line 669, in read_parquet
    return impl.read(
           ~~~~~~~~~^
        path,
        ^^^^^
    ...<6 lines>...
        **kwargs,
        ^^^^^^^^^
    )
    ^
  File "C:\Data-LakeHouse\venv\Lib\site-packages\pandas\io\parquet.py", line 258, in read
    path_or_handle, handles, filesystem = _get_path_or_handle(
                                          ~~~~~~~~~~~~~~~~~~~^
        path,
        ^^^^^
    ...<2 lines>...
        mode="rb",
        ^^^^^^^^^^
    )
    ^
  File "C:\Data-LakeHouse\venv\Lib\site-packages\pandas\io\parquet.py", line 141, in _get_path_or_handle
    handles = get_handle(
        path_or_handle, mode, is_text=False, storage_options=storage_options
    )
  File "C:\Data-LakeHouse\venv\Lib\site-packages\pandas\io\common.py", line 882, in get_handle
    handle = open(handle, ioargs.mode)
FileNotFoundError: [Errno 2] No such file or directory: 'C:\\Data-LakeHouse\\data\\gold\\ml2_datasets\\ds_ajuste_poscosecha_ml2_v1.parquet'

--- RESULT ---
[2026-02-05 22:31:33] EXIT_CODE=1 | SECONDS=1.78
LOG: C:\Data-LakeHouse\src\run_logs\run_20260205_222348\pass05__models__ml2__train_ajuste_poscosecha_ml2.py.log
--------------

