
==============================================================================================================
[2026-02-05 22:28:42] PASS 02 | RUN: gold\apply_dh_poscosecha_ml1_on_ml2_seed.py
CMD: C:\Data-LakeHouse\venv\Scripts\python.exe C:\Data-LakeHouse\src\gold\apply_dh_poscosecha_ml1_on_ml2_seed.py
CWD: C:\Data-LakeHouse
==============================================================================================================
Traceback (most recent call last):
  File "C:\Data-LakeHouse\src\gold\apply_dh_poscosecha_ml1_on_ml2_seed.py", line 89, in <module>
    main(version=None)
    ~~~~^^^^^^^^^^^^^^
  File "C:\Data-LakeHouse\src\gold\apply_dh_poscosecha_ml1_on_ml2_seed.py", line 46, in main
    df = read_parquet(IN_UNIVERSE).copy()
         ~~~~~~~~~~~~^^^^^^^^^^^^^
  File "C:\Data-LakeHouse\src\common\io.py", line 13, in read_parquet
    return pd.read_parquet(path)
           ~~~~~~~~~~~~~~~^^^^^^
  File "C:\Data-LakeHouse\venv\Lib\site-packages\pandas\io\parquet.py", line 669, in read_parquet
    return impl.read(
           ~~~~~~~~~^
        path,
        ^^^^^
    ...<6 lines>...
        **kwargs,
        ^^^^^^^^^
    )
    ^
  File "C:\Data-LakeHouse\venv\Lib\site-packages\pandas\io\parquet.py", line 258, in read
    path_or_handle, handles, filesystem = _get_path_or_handle(
                                          ~~~~~~~~~~~~~~~~~~~^
        path,
        ^^^^^
    ...<2 lines>...
        mode="rb",
        ^^^^^^^^^^
    )
    ^
  File "C:\Data-LakeHouse\venv\Lib\site-packages\pandas\io\parquet.py", line 141, in _get_path_or_handle
    handles = get_handle(
        path_or_handle, mode, is_text=False, storage_options=storage_options
    )
  File "C:\Data-LakeHouse\venv\Lib\site-packages\pandas\io\common.py", line 882, in get_handle
    handle = open(handle, ioargs.mode)
FileNotFoundError: [Errno 2] No such file or directory: 'C:\\Data-LakeHouse\\data\\gold\\pred_poscosecha_ml2_seed_grado_dia_bloque_destino.parquet'

--- RESULT ---
[2026-02-05 22:28:44] EXIT_CODE=1 | SECONDS=1.91
LOG: C:\Data-LakeHouse\src\run_logs\run_20260205_222348\pass02__gold__apply_dh_poscosecha_ml1_on_ml2_seed.py.log
--------------

