[2026-02-20 09:32:00] STEP audit:audit_mismatch_tallos_grado_vs_dia
script=C:\Users\paul.loja\PYPROYECTOS\Data-LakeHouse\Data-LakeHouse\src\audit\audit_mismatch_tallos_grado_vs_dia.py
cmd=C:\Users\paul.loja\PYPROYECTOS\Data-LakeHouse\Data-LakeHouse\venv\Scripts\python.exe C:\Users\paul.loja\PYPROYECTOS\Data-LakeHouse\Data-LakeHouse\src\audit\audit_mismatch_tallos_grado_vs_dia.py
cwd=C:\Users\paul.loja\PYPROYECTOS\Data-LakeHouse\Data-LakeHouse
PYTHONPATH=C:\Users\paul.loja\PYPROYECTOS\Data-LakeHouse\Data-LakeHouse;C:\Users\paul.loja\PYPROYECTOS\Data-LakeHouse\Data-LakeHouse\src
OPS_ARTIFACTS_DIR=C:\Users\paul.loja\PYPROYECTOS\Data-LakeHouse\Data-LakeHouse\data
OPS_LOG_DIR=C:\Users\paul.loja\PYPROYECTOS\Data-LakeHouse\Data-LakeHouse\src\run_logs\run_20260220_092753
outputs: (none) => no-skip mode

================================================================================
[A] RESUMEN
================================================================================
groups total: 25,008
groups mismatch: 678 (2.7111%)
================================================================================
[B] HIPÓTESIS RÁPIDA (por qué falla)
================================================================================
Promedios en grupos mismatch:
       n_grados     n_rows  base_nan_rate  ml1_nan_rate  share_base_nan  share_ml1_nan  share_base_sum  share_ml1_sum
count     678.0      678.0          678.0         678.0           678.0          678.0           678.0   6.780000e+02
mean   9.292035  18.584071            0.0           0.0             0.0            0.0             2.0   2.000000e+00
std     2.91742    5.83484            0.0           0.0             0.0            0.0             0.0   2.257849e-17
min         7.0       14.0            0.0           0.0             0.0            0.0             2.0   2.000000e+00
25%         7.0       14.0            0.0           0.0             0.0            0.0             2.0   2.000000e+00
50%         7.0       14.0            0.0           0.0             0.0            0.0             2.0   2.000000e+00
75%        13.0       26.0            0.0           0.0             0.0            0.0             2.0   2.000000e+00
max        13.0       26.0            0.0           0.0             0.0            0.0             2.0   2.000000e+00
================================================================================
[C] TOP 30 GRUPOS PEOR DIFF
================================================================================
     fecha  bloque_base variedad_canon  n_grados  n_rows   diff_base    diff_ml1  base_nan_rate  ml1_nan_rate  share_base_nan  share_ml1_nan  share_base_sum  share_ml1_sum
2025-02-02          332             XL        13      26 3547.200000 6265.981386            0.0           0.0             0.0            0.0             2.0            2.0
2025-02-03          332             XL        13      26 3547.200000 6257.293174            0.0           0.0             0.0            0.0             2.0            2.0
2025-02-04          332             XL        13      26 3547.200000 6235.736607            0.0           0.0             0.0            0.0             2.0            2.0
2025-05-13          301             XL        13      26 1576.888889 5734.062309            0.0           0.0             0.0            0.0             2.0            2.0
2025-02-05          332             XL        13      26 3547.200000 5729.123140            0.0           0.0             0.0            0.0             2.0            2.0
2025-01-29          332             XL        13      26 3547.200000 5342.602208            0.0           0.0             0.0            0.0             2.0            2.0
2024-04-30           66             XL        13      26 2706.222222 5319.579604            0.0           0.0             0.0            0.0             2.0            2.0
2024-04-23           66             XL        13      26 2706.222222 5319.479876            0.0           0.0             0.0            0.0             2.0            2.0
2024-04-29           66             XL        13      26 2706.222222 5308.153658            0.0           0.0             0.0            0.0             2.0            2.0
2025-02-06          332             XL        13      26 3547.200000 5252.965219            0.0           0.0             0.0            0.0             2.0            2.0
2025-05-15          301             XL        13      26 1576.888889 5120.588626            0.0           0.0             0.0            0.0             2.0            2.0
2024-05-01           66             XL        13      26 2706.222222 5104.587033            0.0           0.0             0.0            0.0             2.0            2.0
2024-11-22          317            CLO         7      14 2165.000000 5083.787017            0.0           0.0             0.0            0.0             2.0            2.0
2025-01-28          332             XL        13      26 3547.200000 5060.574681            0.0           0.0             0.0            0.0             2.0            2.0
2024-05-03           66             XL        13      26 2706.222222 4992.636652            0.0           0.0             0.0            0.0             2.0            2.0
2025-05-23          314            CLO         7      14 1735.882353 4934.607844            0.0           0.0             0.0            0.0             2.0            2.0
2024-04-28           66             XL        13      26 2706.222222 4788.898015            0.0           0.0             0.0            0.0             2.0            2.0
2025-02-07          332             XL        13      26 3547.200000 4697.360948            0.0           0.0             0.0            0.0             2.0            2.0
2025-02-01          332             XL        13      26 3547.200000 4627.847571            0.0           0.0             0.0            0.0             2.0            2.0
2025-01-31          332             XL        13      26 3547.200000 4582.832543            0.0           0.0             0.0            0.0             2.0            2.0
2024-11-26          317            CLO         7      14 2165.000000 4548.380031            0.0           0.0             0.0            0.0             2.0            2.0
2024-11-24          317            CLO         7      14 2165.000000 4534.271907            0.0           0.0             0.0            0.0             2.0            2.0
2024-11-25          317            CLO         7      14 2165.000000 4530.208090            0.0           0.0             0.0            0.0             2.0            2.0
2024-04-25           66             XL        13      26 2706.222222 4433.194901            0.0           0.0             0.0            0.0             2.0            2.0
2024-04-27           66             XL        13      26 2706.222222 4420.499057            0.0           0.0             0.0            0.0             2.0            2.0
2024-04-26           66             XL        13      26 2706.222222 4368.139867            0.0           0.0             0.0            0.0             2.0            2.0
2025-01-30          332             XL        13      26 3547.200000 4348.897966            0.0           0.0             0.0            0.0             2.0            2.0
2024-10-24          304            CLO         7      14 1672.500000 4322.697947            0.0           0.0             0.0            0.0             2.0            2.0
2024-05-07           66             XL        13      26 2706.222222 4311.916450            0.0           0.0             0.0            0.0             2.0            2.0
2024-06-18          317            CLO         7      14 2068.333333 4296.971817            0.0           0.0             0.0            0.0             2.0            2.0
================================================================================
[D] DETALLE DEL PEOR GRUPO (filas por grado)
================================================================================
 grado  tallos_pred_baseline_grado_dia  tallos_pred_ml1_grado_dia  share_grado_baseline  share_grado_ml1  tallos_pred_baseline_dia  tallos_pred_ml1_dia
    15                       82.043047                 269.309815              0.019975         0.037120                    4107.2          7255.198114
    15                       70.856811                 232.590518              0.019975         0.037120                    3547.2          6265.981386
    20                       94.926659                 164.566590              0.026761         0.026263                    3547.2          6265.981386
    20                      109.912825                 190.546881              0.026761         0.026263                    4107.2          7255.198114
    25                      147.334021                 174.426330              0.035872         0.024042                    4107.2          7255.198114
    25                      127.245627                 150.644010              0.035872         0.024042                    3547.2          6265.981386
    30                      371.428641                 531.409858              0.090434         0.073245                    4107.2          7255.198114
    30                      320.785858                 458.954287              0.090434         0.073245                    3547.2          6265.981386
    35                      401.545634                 526.424634              0.113201         0.084013                    3547.2          6265.981386
    35                      464.938043                 609.531815              0.113201         0.084013                    4107.2          7255.198114
    40                      492.844640                1184.111672              0.119995         0.163209                    4107.2          7255.198114
    40                      425.647280                1022.662866              0.119995         0.163209                    3547.2          6265.981386
    45                      386.606992                 601.145480              0.108989         0.095938                    3547.2          6265.981386
    45                      447.641023                 696.048916              0.108989         0.095938                    4107.2          7255.198114
    50                      376.354429                 813.526135              0.091633         0.112130                    4107.2          7255.198114
    50                      325.040034                 702.605158              0.091633         0.112130                    3547.2          6265.981386
    55                      366.357601                 768.687277              0.089199         0.105950                    4107.2          7255.198114
    55                      316.406233                 663.879896              0.089199         0.105950                    3547.2          6265.981386
    60                      335.450114                 567.879479              0.094568         0.090629                    3547.2          6265.981386
    60                      388.407958                 657.531178              0.094568         0.090629                    4107.2          7255.198114
    65                      295.083534                 720.852620              0.071845         0.099357                    4107.2          7255.198114
    65                      254.850096                 622.567299              0.071845         0.099357                    3547.2          6265.981386
    70                      244.650636                 503.277542              0.068970         0.080319                    3547.2          6265.981386
    70                      283.273876                 582.730469              0.068970         0.080319                    4107.2          7255.198114
    75                      281.580364                  56.485148              0.068558         0.007785                    4107.2          7255.198114
    75                      243.188027                  48.783628              0.068558         0.007785                    3547.2          6265.981386
