[2026-02-20 09:42:07] STEP audit:audit_ml1_curva_share_vs_real
script=C:\Users\paul.loja\PYPROYECTOS\Data-LakeHouse\Data-LakeHouse\src\audit\audit_ml1_curva_share_vs_real.py
cmd=C:\Users\paul.loja\PYPROYECTOS\Data-LakeHouse\Data-LakeHouse\venv\Scripts\python.exe C:\Users\paul.loja\PYPROYECTOS\Data-LakeHouse\Data-LakeHouse\src\audit\audit_ml1_curva_share_vs_real.py
cwd=C:\Users\paul.loja\PYPROYECTOS\Data-LakeHouse\Data-LakeHouse
PYTHONPATH=C:\Users\paul.loja\PYPROYECTOS\Data-LakeHouse\Data-LakeHouse;C:\Users\paul.loja\PYPROYECTOS\Data-LakeHouse\Data-LakeHouse\src
OPS_ARTIFACTS_DIR=C:\Users\paul.loja\PYPROYECTOS\Data-LakeHouse\Data-LakeHouse\data
OPS_LOG_DIR=C:\Users\paul.loja\PYPROYECTOS\Data-LakeHouse\Data-LakeHouse\src\run_logs\run_20260220_093837
outputs: (none) => no-skip mode

=== COVERAGE ===
                      created_at  universe_rows  coverage_real_gt0
2026-02-20 14:42:07.960361+00:00          25686           0.527408

=== MASS BALANCE (cycle) ===
cycles=623 | max abs diff ml1 vs proy: 35048.536984137172

=== SHAPE (cycle) ===
cycles total=623 | cycles with real=550

l1_share:
count    550.000000
mean       0.772444
std        0.204778
min        0.346093
25%        0.633763
50%        0.747772
75%        0.884644
max        1.975687

ks_cdf:
count    550.000000
mean       0.246114
std        0.265881
min        0.040551
25%        0.104297
50%        0.152746
75%        0.234894
max        1.000000

peak_pos_err_days:
count    550.000000
mean      -0.845455
std        8.808617
min      -40.000000
25%       -5.000000
50%        1.000000
75%        4.000000
max       22.000000

mass_early_diff:
count    550.000000
mean      -0.022672
std        0.112627
min       -0.938988
25%       -0.019985
50%        0.012245
75%        0.026341
max        0.127245

mass_tail_diff:
count    550.000000
mean      -0.024920
std        0.079503
min       -0.508010
25%       -0.054702
50%       -0.007804
75%        0.022881
max        0.159949

OK -> data\audit\audit_ml1_curva_share_report.parquet
OK -> data\audit\audit_ml1_curva_share_cycle_metrics.parquet
