[2026-02-20 09:42:23] STEP audit:audit_dh_poscosecha_ml2
script=C:\Users\paul.loja\PYPROYECTOS\Data-LakeHouse\Data-LakeHouse\src\audit\audit_dh_poscosecha_ml2.py
cmd=C:\Users\paul.loja\PYPROYECTOS\Data-LakeHouse\Data-LakeHouse\venv\Scripts\python.exe C:\Users\paul.loja\PYPROYECTOS\Data-LakeHouse\Data-LakeHouse\src\audit\audit_dh_poscosecha_ml2.py
cwd=C:\Users\paul.loja\PYPROYECTOS\Data-LakeHouse\Data-LakeHouse
PYTHONPATH=C:\Users\paul.loja\PYPROYECTOS\Data-LakeHouse\Data-LakeHouse;C:\Users\paul.loja\PYPROYECTOS\Data-LakeHouse\Data-LakeHouse\src
OPS_ARTIFACTS_DIR=C:\Users\paul.loja\PYPROYECTOS\Data-LakeHouse\Data-LakeHouse\data
OPS_LOG_DIR=C:\Users\paul.loja\PYPROYECTOS\Data-LakeHouse\Data-LakeHouse\src\run_logs\run_20260220_093837
outputs: (none) => no-skip mode


=== ML2 DH POSCOSECHA AUDIT ===
KPI global parquet : C:\Users\paul.loja\PYPROYECTOS\Data-LakeHouse\Data-LakeHouse\data\eval\ml2\audit_dh_poscosecha_ml2_kpi_global_20260220_094224.parquet
KPI por destino    : C:\Users\paul.loja\PYPROYECTOS\Data-LakeHouse\Data-LakeHouse\data\eval\ml2\audit_dh_poscosecha_ml2_kpi_by_destino_20260220_094224.parquet
KPI por grado      : C:\Users\paul.loja\PYPROYECTOS\Data-LakeHouse\Data-LakeHouse\data\eval\ml2\audit_dh_poscosecha_ml2_kpi_by_grado_20260220_094224.parquet
Delta dist parquet : C:\Users\paul.loja\PYPROYECTOS\Data-LakeHouse\Data-LakeHouse\data\eval\ml2\audit_dh_poscosecha_ml2_delta_dist_20260220_094224.parquet
Examples 10x2      : C:\Users\paul.loja\PYPROYECTOS\Data-LakeHouse\Data-LakeHouse\data\eval\ml2\audit_dh_poscosecha_ml2_examples_10x2_20260220_094224.parquet

--- KPI GLOBAL ---
 n_rows  n_dates  mae_ml1_days  mae_ml2_days  bias_ml1_days  bias_ml2_days  improvement_abs_mae_days created_at
      0        0           NaN           NaN            NaN            NaN                       NaN 2026-02-20

--- DELTA DIST ---
     n       min       p05  p25  median  p75  p95          max   source_col created_at
861585 -0.999998 -0.999998  0.0     0.0  0.0  0.0 1.651121e-07 dh_delta_ml2 2026-02-20

--- KPI DESTINO ---
Empty DataFrame
Columns: []
Index: []

--- KPI GRADO (head) ---
Empty DataFrame
Columns: []
Index: []

--- EXAMPLES (10x2) ---
[WARN] No examples rows (no overlap real vs pred).
